<?xml version="1.0" encoding="UTF-8"?>
<testng-results skipped="0" failed="0" total="1" passed="1">
  <reporter-output>
  </reporter-output>
  <suite name="Default suite" duration-ms="24434" started-at="2018-01-03T09:25:29Z" finished-at="2018-01-03T09:25:53Z">
    <groups>
    </groups>
    <test name="Default test" duration-ms="24434" started-at="2018-01-03T09:25:29Z" finished-at="2018-01-03T09:25:53Z">
      <class name="example.NewTest">
        <test-method status="PASS" signature="testgooglrsearch()[pri:0, instance:example.NewTest@457e2f02]" name="testgooglrsearch" duration-ms="24414" started-at="2018-01-03T09:25:29Z" finished-at="2018-01-03T09:25:53Z">
          <reporter-output>
          </reporter-output>
        </test-method> <!-- testgooglrsearch -->
      </class> <!-- example.NewTest -->
    </test> <!-- Default test -->
  </suite> <!-- Default suite -->
</testng-results>
